2024-10-07 17:16:43 [scrapy.utils.log] INFO: Scrapy 2.11.2 started (bot: nawilebi)
2024-10-07 17:16:43 [scrapy.utils.log] INFO: Versions: lxml 5.3.0.0, libxml2 2.11.7, cssselect 1.2.0, parsel 1.9.1, w3lib 2.2.1, Twisted 24.7.0, Python 3.11.9 | packaged by Anaconda, Inc. | (main, Apr 19 2024, 16:40:41) [MSC v.1916 64 bit (AMD64)], pyOpenSSL 24.2.1 (OpenSSL 3.0.15 3 Sep 2024), cryptography 43.0.0, Platform Windows-10-10.0.22631-SP0
2024-10-07 17:16:43 [scrapy.addons] INFO: Enabled addons:
[]
2024-10-07 17:16:43 [asyncio] DEBUG: Using selector: SelectSelector
2024-10-07 17:16:43 [scrapy.utils.log] DEBUG: Using reactor: twisted.internet.asyncioreactor.AsyncioSelectorReactor
2024-10-07 17:16:43 [scrapy.utils.log] DEBUG: Using asyncio event loop: asyncio.windows_events._WindowsSelectorEventLoop
2024-10-07 17:16:43 [scrapy.extensions.telnet] INFO: Telnet Password: 35ae9a064ac50ac6
2024-10-07 17:16:43 [scrapy.middleware] INFO: Enabled extensions:
['scrapy.extensions.corestats.CoreStats',
 'scrapy.extensions.telnet.TelnetConsole',
 'scrapy.extensions.logstats.LogStats']
2024-10-07 17:16:43 [scrapy.crawler] INFO: Overridden settings:
{'BOT_NAME': 'nawilebi',
 'DOWNLOAD_DELAY': 0.5,
 'DUPEFILTER_CLASS': 'scrapy_splash.SplashAwareDupeFilter',
 'FEED_EXPORT_ENCODING': 'utf-8',
 'HTTPCACHE_STORAGE': 'scrapy_splash.SplashAwareFSCacheStorage',
 'LOG_FILE': 'scrapy_output.log',
 'NEWSPIDER_MODULE': 'nawilebi.spiders',
 'REQUEST_FINGERPRINTER_IMPLEMENTATION': '2.7',
 'SPIDER_MODULES': ['nawilebi.spiders'],
 'TWISTED_REACTOR': 'twisted.internet.asyncioreactor.AsyncioSelectorReactor'}
2024-10-07 17:16:44 [FakeBrowserHeaderAgentMiddleware] INFO: Fake browser headers are enabled.
2024-10-07 17:16:44 [scrapy.middleware] INFO: Enabled downloader middlewares:
['scrapy.downloadermiddlewares.offsite.OffsiteMiddleware',
 'nawilebi.middlewares.FakeBrowserHeaderAgentMiddleware',
 'scrapy.downloadermiddlewares.httpauth.HttpAuthMiddleware',
 'scrapy.downloadermiddlewares.downloadtimeout.DownloadTimeoutMiddleware',
 'scrapy.downloadermiddlewares.defaultheaders.DefaultHeadersMiddleware',
 'scrapy.downloadermiddlewares.useragent.UserAgentMiddleware',
 'scrapy.downloadermiddlewares.retry.RetryMiddleware',
 'scrapy.downloadermiddlewares.redirect.MetaRefreshMiddleware',
 'scrapy.downloadermiddlewares.redirect.RedirectMiddleware',
 'scrapy.downloadermiddlewares.cookies.CookiesMiddleware',
 'scrapy_splash.SplashCookiesMiddleware',
 'scrapy_splash.SplashMiddleware',
 'scrapy.downloadermiddlewares.httpproxy.HttpProxyMiddleware',
 'scrapy.downloadermiddlewares.httpcompression.HttpCompressionMiddleware',
 'scrapy.downloadermiddlewares.stats.DownloaderStats']
2024-10-07 17:16:44 [scrapy.middleware] INFO: Enabled spider middlewares:
['scrapy.spidermiddlewares.httperror.HttpErrorMiddleware',
 'scrapy_splash.SplashDeduplicateArgsMiddleware',
 'scrapy.spidermiddlewares.referer.RefererMiddleware',
 'scrapy.spidermiddlewares.urllength.UrlLengthMiddleware',
 'scrapy.spidermiddlewares.depth.DepthMiddleware']
2024-10-07 17:16:44 [scrapy.middleware] INFO: Enabled item pipelines:
[]
2024-10-07 17:16:44 [scrapy.core.engine] INFO: Spider opened
2024-10-07 17:16:44 [scrapy.extensions.logstats] INFO: Crawled 0 pages (at 0 pages/min), scraped 0 items (at 0 items/min)
2024-10-07 17:16:44 [urllib3.connectionpool] DEBUG: Starting new HTTPS connection (1): headers.scrapeops.io:443
2024-10-07 17:16:45 [urllib3.connectionpool] DEBUG: https://headers.scrapeops.io:443 "GET /v1/browser-headers?api_key=020f7e20-d5df-490d-a0b5-0fc569d5262a&num_results=50 HTTP/11" 200 28849
2024-10-07 17:16:45 [FakeBrowserHeaderAgentMiddleware] INFO: Fetched 50 headers from ScrapeOps API.
2024-10-07 17:16:45 [scrapy.extensions.telnet] INFO: Telnet console listening on 127.0.0.1:6024
2024-10-07 17:16:49 [scrapy.core.engine] DEBUG: Crawled (200) <GET https://otoparts.ge/dzaris-natsilebi/ via http://localhost:8050/execute> (referer: None)
2024-10-07 17:16:53 [scrapy.core.engine] DEBUG: Crawled (200) <GET https://otoparts.ge/dzaris-natsilebi/jeep/ via http://localhost:8050/execute> (referer: None)
2024-10-07 17:16:54 [scrapy.core.engine] DEBUG: Crawled (200) <GET https://otoparts.ge/dzaris-natsilebi/tesla-2/ via http://localhost:8050/execute> (referer: None)
2024-10-07 17:16:54 [scrapy.core.engine] DEBUG: Crawled (200) <GET https://otoparts.ge/dzaris-natsilebi/volkswagen-2-2/ via http://localhost:8050/execute> (referer: None)
2024-10-07 17:16:58 [scrapy.core.engine] DEBUG: Crawled (200) <GET https://otoparts.ge/dzaris-natsilebi/toyota-5/ via http://localhost:8050/execute> (referer: None)
2024-10-07 17:16:58 [scrapy.core.engine] DEBUG: Crawled (200) <GET https://otoparts.ge/dzaris-natsilebi/subaru/ via http://localhost:8050/execute> (referer: None)
2024-10-07 17:17:00 [scrapy.core.engine] DEBUG: Crawled (200) <GET https://otoparts.ge/dzaris-natsilebi/nissan-2-2/ via http://localhost:8050/execute> (referer: None)
2024-10-07 17:17:01 [scrapy.core.engine] DEBUG: Crawled (200) <GET https://otoparts.ge/dzaris-natsilebi/mitsubishi-3/ via http://localhost:8050/execute> (referer: None)
2024-10-07 17:17:02 [scrapy.core.engine] DEBUG: Crawled (200) <GET https://otoparts.ge/dzaris-natsilebi/mazda-4/ via http://localhost:8050/execute> (referer: None)
2024-10-07 17:17:02 [scrapy.core.engine] DEBUG: Crawled (200) <GET https://otoparts.ge/dzaris-natsilebi/mercedes-benz-3/ via http://localhost:8050/execute> (referer: None)
2024-10-07 17:17:04 [scrapy.core.engine] DEBUG: Crawled (200) <GET https://otoparts.ge/dzaris-natsilebi/lexus-2-2/ via http://localhost:8050/execute> (referer: None)
2024-10-07 17:17:04 [scrapy_splash.middleware] WARNING: Bad request to Splash: {'error': 400, 'type': 'ScriptError', 'description': 'Error happened while executing Lua script', 'info': {'type': 'SPLASH_LUA_ERROR', 'message': '[string "..."]:3: Can\'t convert Lua object to Python: depth limit is reached', 'source': '[string "..."]', 'line_number': 3, 'error': "Can't convert Lua object to Python: depth limit is reached"}}
2024-10-07 17:17:04 [scrapy.core.engine] DEBUG: Crawled (400) <GET https://otoparts.ge/product-category/jeep/renegade-2015-2022/ via http://localhost:8050/execute> (referer: None)
2024-10-07 17:17:04 [scrapy.spidermiddlewares.httperror] INFO: Ignoring response <400 https://otoparts.ge/product-category/jeep/renegade-2015-2022/>: HTTP status code is not handled or not allowed
2024-10-07 17:17:04 [scrapy.core.engine] DEBUG: Crawled (200) <GET https://otoparts.ge/dzaris-natsilebi/kia-3-2/ via http://localhost:8050/execute> (referer: None)
2024-10-07 17:17:05 [scrapy_splash.middleware] WARNING: Bad request to Splash: {'error': 400, 'type': 'ScriptError', 'description': 'Error happened while executing Lua script', 'info': {'type': 'SPLASH_LUA_ERROR', 'message': '[string "..."]:3: Can\'t convert Lua object to Python: depth limit is reached', 'source': '[string "..."]', 'line_number': 3, 'error': "Can't convert Lua object to Python: depth limit is reached"}}
2024-10-07 17:17:05 [scrapy.core.engine] DEBUG: Crawled (400) <GET https://otoparts.ge/product-category/volkswagen/tiguan-2008-2016/ via http://localhost:8050/execute> (referer: None)
2024-10-07 17:17:05 [scrapy.spidermiddlewares.httperror] INFO: Ignoring response <400 https://otoparts.ge/product-category/volkswagen/tiguan-2008-2016/>: HTTP status code is not handled or not allowed
2024-10-07 17:17:06 [scrapy_splash.middleware] WARNING: Bad request to Splash: {'error': 400, 'type': 'ScriptError', 'description': 'Error happened while executing Lua script', 'info': {'type': 'SPLASH_LUA_ERROR', 'message': '[string "..."]:3: Can\'t convert Lua object to Python: depth limit is reached', 'source': '[string "..."]', 'line_number': 3, 'error': "Can't convert Lua object to Python: depth limit is reached"}}
2024-10-07 17:17:06 [scrapy.core.engine] DEBUG: Crawled (400) <GET https://otoparts.ge/product-category/toyota/rav-4-2019-2020/ via http://localhost:8050/execute> (referer: None)
2024-10-07 17:17:06 [scrapy.spidermiddlewares.httperror] INFO: Ignoring response <400 https://otoparts.ge/product-category/toyota/rav-4-2019-2020/>: HTTP status code is not handled or not allowed
2024-10-07 17:17:06 [scrapy_splash.middleware] WARNING: Bad request to Splash: {'error': 400, 'type': 'ScriptError', 'description': 'Error happened while executing Lua script', 'info': {'type': 'SPLASH_LUA_ERROR', 'message': '[string "..."]:3: Can\'t convert Lua object to Python: depth limit is reached', 'source': '[string "..."]', 'line_number': 3, 'error': "Can't convert Lua object to Python: depth limit is reached"}}
2024-10-07 17:17:06 [scrapy.core.engine] DEBUG: Crawled (400) <GET https://otoparts.ge/product-category/subaru/xv/ via http://localhost:8050/execute> (referer: None)
2024-10-07 17:17:06 [scrapy.spidermiddlewares.httperror] INFO: Ignoring response <400 https://otoparts.ge/product-category/subaru/xv/>: HTTP status code is not handled or not allowed
2024-10-07 17:17:07 [scrapy_splash.middleware] WARNING: Bad request to Splash: {'error': 400, 'type': 'ScriptError', 'description': 'Error happened while executing Lua script', 'info': {'type': 'SPLASH_LUA_ERROR', 'message': '[string "..."]:3: Can\'t convert Lua object to Python: depth limit is reached', 'source': '[string "..."]', 'line_number': 3, 'error': "Can't convert Lua object to Python: depth limit is reached"}}
2024-10-07 17:17:07 [scrapy.core.engine] DEBUG: Crawled (400) <GET https://otoparts.ge/product-category/nissan/nissan-rogue-2017-2020/ via http://localhost:8050/execute> (referer: None)
2024-10-07 17:17:07 [scrapy.spidermiddlewares.httperror] INFO: Ignoring response <400 https://otoparts.ge/product-category/nissan/nissan-rogue-2017-2020/>: HTTP status code is not handled or not allowed
2024-10-07 17:17:07 [scrapy.core.engine] DEBUG: Crawled (200) <GET https://otoparts.ge/dzaris-natsilebi/hyundai-2-2/ via http://localhost:8050/execute> (referer: None)
2024-10-07 17:17:07 [scrapy.core.engine] DEBUG: Crawled (200) <GET https://otoparts.ge/dzaris-natsilebi/honda-2-2/ via http://localhost:8050/execute> (referer: None)
2024-10-07 17:17:07 [scrapy_splash.middleware] WARNING: Bad request to Splash: {'error': 400, 'type': 'ScriptError', 'description': 'Error happened while executing Lua script', 'info': {'type': 'SPLASH_LUA_ERROR', 'message': '[string "..."]:3: Can\'t convert Lua object to Python: depth limit is reached', 'source': '[string "..."]', 'line_number': 3, 'error': "Can't convert Lua object to Python: depth limit is reached"}}
2024-10-07 17:17:07 [scrapy.core.engine] DEBUG: Crawled (400) <GET https://otoparts.ge/product-category/mitsubishi/outlander-2019-on/ via http://localhost:8050/execute> (referer: None)
2024-10-07 17:17:07 [scrapy.spidermiddlewares.httperror] INFO: Ignoring response <400 https://otoparts.ge/product-category/mitsubishi/outlander-2019-on/>: HTTP status code is not handled or not allowed
2024-10-07 17:17:08 [scrapy_splash.middleware] WARNING: Bad request to Splash: {'error': 400, 'type': 'ScriptError', 'description': 'Error happened while executing Lua script', 'info': {'type': 'SPLASH_LUA_ERROR', 'message': '[string "..."]:3: Can\'t convert Lua object to Python: depth limit is reached', 'source': '[string "..."]', 'line_number': 3, 'error': "Can't convert Lua object to Python: depth limit is reached"}}
2024-10-07 17:17:08 [scrapy.core.engine] DEBUG: Crawled (400) <GET https://otoparts.ge/product-category/mazda/mazda-cx5-2022-on/ via http://localhost:8050/execute> (referer: None)
2024-10-07 17:17:08 [scrapy.spidermiddlewares.httperror] INFO: Ignoring response <400 https://otoparts.ge/product-category/mazda/mazda-cx5-2022-on/>: HTTP status code is not handled or not allowed
2024-10-07 17:17:08 [scrapy.core.engine] DEBUG: Crawled (200) <GET https://otoparts.ge/dzaris-natsilebi/fiat/ via http://localhost:8050/execute> (referer: None)
2024-10-07 17:17:09 [scrapy.core.engine] DEBUG: Crawled (200) <GET https://otoparts.ge/dzaris-natsilebi/chevrolet-4/ via http://localhost:8050/execute> (referer: None)
2024-10-07 17:17:09 [scrapy_splash.middleware] WARNING: Bad request to Splash: {'error': 400, 'type': 'ScriptError', 'description': 'Error happened while executing Lua script', 'info': {'type': 'SPLASH_LUA_ERROR', 'message': '[string "..."]:3: Can\'t convert Lua object to Python: depth limit is reached', 'source': '[string "..."]', 'line_number': 3, 'error': "Can't convert Lua object to Python: depth limit is reached"}}
2024-10-07 17:17:09 [scrapy.core.engine] DEBUG: Crawled (400) <GET https://otoparts.ge/product-category/mercedes-benz/gle-w167-2020-on/ via http://localhost:8050/execute> (referer: None)
2024-10-07 17:17:09 [scrapy.core.engine] DEBUG: Crawled (200) <GET https://otoparts.ge/dzaris-natsilebi/ford-3-2/ via http://localhost:8050/execute> (referer: None)
2024-10-07 17:17:09 [scrapy.spidermiddlewares.httperror] INFO: Ignoring response <400 https://otoparts.ge/product-category/mercedes-benz/gle-w167-2020-on/>: HTTP status code is not handled or not allowed
2024-10-07 17:17:09 [scrapy.core.engine] DEBUG: Crawled (200) <GET https://otoparts.ge/dzaris-natsilebi/bmw-2-2/ via http://localhost:8050/execute> (referer: None)
2024-10-07 17:17:09 [scrapy_splash.middleware] WARNING: Bad request to Splash: {'error': 400, 'type': 'ScriptError', 'description': 'Error happened while executing Lua script', 'info': {'type': 'SPLASH_LUA_ERROR', 'message': '[string "..."]:3: Can\'t convert Lua object to Python: depth limit is reached', 'source': '[string "..."]', 'line_number': 3, 'error': "Can't convert Lua object to Python: depth limit is reached"}}
2024-10-07 17:17:09 [scrapy.core.engine] DEBUG: Crawled (400) <GET https://otoparts.ge/product-category/mercedes-benz/gls-x167-2020-on/ via http://localhost:8050/execute> (referer: None)
2024-10-07 17:17:09 [scrapy.spidermiddlewares.httperror] INFO: Ignoring response <400 https://otoparts.ge/product-category/mercedes-benz/gls-x167-2020-on/>: HTTP status code is not handled or not allowed
2024-10-07 17:17:10 [scrapy_splash.middleware] WARNING: Bad request to Splash: {'error': 400, 'type': 'ScriptError', 'description': 'Error happened while executing Lua script', 'info': {'type': 'SPLASH_LUA_ERROR', 'message': '[string "..."]:3: Can\'t convert Lua object to Python: depth limit is reached', 'source': '[string "..."]', 'line_number': 3, 'error': "Can't convert Lua object to Python: depth limit is reached"}}
2024-10-07 17:17:10 [scrapy.core.engine] DEBUG: Crawled (400) <GET https://otoparts.ge/product-category/lexus/hs-2012-on/ via http://localhost:8050/execute> (referer: None)
2024-10-07 17:17:10 [scrapy.spidermiddlewares.httperror] INFO: Ignoring response <400 https://otoparts.ge/product-category/lexus/hs-2012-on/>: HTTP status code is not handled or not allowed
2024-10-07 17:17:10 [scrapy_splash.middleware] WARNING: Bad request to Splash: {'error': 400, 'type': 'ScriptError', 'description': 'Error happened while executing Lua script', 'info': {'type': 'SPLASH_LUA_ERROR', 'message': '[string "..."]:3: Can\'t convert Lua object to Python: depth limit is reached', 'source': '[string "..."]', 'line_number': 3, 'error': "Can't convert Lua object to Python: depth limit is reached"}}
2024-10-07 17:17:10 [scrapy.core.engine] DEBUG: Crawled (400) <GET https://otoparts.ge/product-category/kia/soul-2008-2014/ via http://localhost:8050/execute> (referer: None)
2024-10-07 17:17:10 [scrapy.spidermiddlewares.httperror] INFO: Ignoring response <400 https://otoparts.ge/product-category/kia/soul-2008-2014/>: HTTP status code is not handled or not allowed
2024-10-07 17:17:11 [scrapy.core.engine] DEBUG: Crawled (200) <GET https://otoparts.ge/dzaris-natsilebi/audi-4/ via http://localhost:8050/execute> (referer: None)
2024-10-07 17:17:11 [scrapy_splash.middleware] WARNING: Bad request to Splash: {'error': 400, 'type': 'ScriptError', 'description': 'Error happened while executing Lua script', 'info': {'type': 'SPLASH_LUA_ERROR', 'message': '[string "..."]:3: Can\'t convert Lua object to Python: depth limit is reached', 'source': '[string "..."]', 'line_number': 3, 'error': "Can't convert Lua object to Python: depth limit is reached"}}
2024-10-07 17:17:11 [scrapy.core.engine] DEBUG: Crawled (400) <GET https://otoparts.ge/product-category/kia/sportage-2016-2019/ via http://localhost:8050/execute> (referer: None)
2024-10-07 17:17:11 [scrapy.spidermiddlewares.httperror] INFO: Ignoring response <400 https://otoparts.ge/product-category/kia/sportage-2016-2019/>: HTTP status code is not handled or not allowed
2024-10-07 17:17:12 [scrapy_splash.middleware] WARNING: Bad request to Splash: {'error': 400, 'type': 'ScriptError', 'description': 'Error happened while executing Lua script', 'info': {'type': 'SPLASH_LUA_ERROR', 'message': '[string "..."]:3: Can\'t convert Lua object to Python: depth limit is reached', 'source': '[string "..."]', 'line_number': 3, 'error': "Can't convert Lua object to Python: depth limit is reached"}}
2024-10-07 17:17:12 [scrapy.core.engine] DEBUG: Crawled (400) <GET https://otoparts.ge/product-category/kia/sportage-2010-2014/ via http://localhost:8050/execute> (referer: None)
2024-10-07 17:17:12 [scrapy.spidermiddlewares.httperror] INFO: Ignoring response <400 https://otoparts.ge/product-category/kia/sportage-2010-2014/>: HTTP status code is not handled or not allowed
2024-10-07 17:17:12 [scrapy_splash.middleware] WARNING: Bad request to Splash: {'error': 400, 'type': 'ScriptError', 'description': 'Error happened while executing Lua script', 'info': {'type': 'SPLASH_LUA_ERROR', 'message': '[string "..."]:3: Can\'t convert Lua object to Python: depth limit is reached', 'source': '[string "..."]', 'line_number': 3, 'error': "Can't convert Lua object to Python: depth limit is reached"}}
2024-10-07 17:17:12 [scrapy.core.engine] DEBUG: Crawled (400) <GET https://otoparts.ge/product-category/kia/picanto-2015-on/ via http://localhost:8050/execute> (referer: None)
2024-10-07 17:17:12 [scrapy.spidermiddlewares.httperror] INFO: Ignoring response <400 https://otoparts.ge/product-category/kia/picanto-2015-on/>: HTTP status code is not handled or not allowed
2024-10-07 17:17:13 [scrapy_splash.middleware] WARNING: Bad request to Splash: {'error': 400, 'type': 'ScriptError', 'description': 'Error happened while executing Lua script', 'info': {'type': 'SPLASH_LUA_ERROR', 'message': '[string "..."]:3: Can\'t convert Lua object to Python: depth limit is reached', 'source': '[string "..."]', 'line_number': 3, 'error': "Can't convert Lua object to Python: depth limit is reached"}}
2024-10-07 17:17:13 [scrapy.core.engine] DEBUG: Crawled (400) <GET https://otoparts.ge/product-category/kia/picanto-2011-2015/ via http://localhost:8050/execute> (referer: None)
2024-10-07 17:17:13 [scrapy.spidermiddlewares.httperror] INFO: Ignoring response <400 https://otoparts.ge/product-category/kia/picanto-2011-2015/>: HTTP status code is not handled or not allowed
2024-10-07 17:17:14 [scrapy_splash.middleware] WARNING: Bad request to Splash: {'error': 400, 'type': 'ScriptError', 'description': 'Error happened while executing Lua script', 'info': {'type': 'SPLASH_LUA_ERROR', 'message': '[string "..."]:3: Can\'t convert Lua object to Python: depth limit is reached', 'source': '[string "..."]', 'line_number': 3, 'error': "Can't convert Lua object to Python: depth limit is reached"}}
2024-10-07 17:17:14 [scrapy.core.engine] DEBUG: Crawled (400) <GET https://otoparts.ge/product-category/kia/optima-k5-2020-2023/ via http://localhost:8050/execute> (referer: None)
2024-10-07 17:17:14 [scrapy.spidermiddlewares.httperror] INFO: Ignoring response <400 https://otoparts.ge/product-category/kia/optima-k5-2020-2023/>: HTTP status code is not handled or not allowed
2024-10-07 17:17:14 [scrapy_splash.middleware] WARNING: Bad request to Splash: {'error': 400, 'type': 'ScriptError', 'description': 'Error happened while executing Lua script', 'info': {'type': 'SPLASH_LUA_ERROR', 'message': '[string "..."]:3: Can\'t convert Lua object to Python: depth limit is reached', 'source': '[string "..."]', 'line_number': 3, 'error': "Can't convert Lua object to Python: depth limit is reached"}}
2024-10-07 17:17:14 [scrapy.core.engine] DEBUG: Crawled (400) <GET https://otoparts.ge/product-category/kia/optima-2018-2019/ via http://localhost:8050/execute> (referer: None)
2024-10-07 17:17:14 [scrapy.spidermiddlewares.httperror] INFO: Ignoring response <400 https://otoparts.ge/product-category/kia/optima-2018-2019/>: HTTP status code is not handled or not allowed
2024-10-07 17:17:15 [scrapy_splash.middleware] WARNING: Bad request to Splash: {'error': 400, 'type': 'ScriptError', 'description': 'Error happened while executing Lua script', 'info': {'type': 'SPLASH_LUA_ERROR', 'message': '[string "..."]:3: Can\'t convert Lua object to Python: depth limit is reached', 'source': '[string "..."]', 'line_number': 3, 'error': "Can't convert Lua object to Python: depth limit is reached"}}
2024-10-07 17:17:15 [scrapy.core.engine] DEBUG: Crawled (400) <GET https://otoparts.ge/product-category/honda/fit-2014-on/ via http://localhost:8050/execute> (referer: None)
2024-10-07 17:17:15 [scrapy.spidermiddlewares.httperror] INFO: Ignoring response <400 https://otoparts.ge/product-category/honda/fit-2014-on/>: HTTP status code is not handled or not allowed
2024-10-07 17:17:15 [scrapy_splash.middleware] WARNING: Bad request to Splash: {'error': 400, 'type': 'ScriptError', 'description': 'Error happened while executing Lua script', 'info': {'type': 'SPLASH_LUA_ERROR', 'message': '[string "..."]:3: Can\'t convert Lua object to Python: depth limit is reached', 'source': '[string "..."]', 'line_number': 3, 'error': "Can't convert Lua object to Python: depth limit is reached"}}
2024-10-07 17:17:15 [scrapy.core.engine] DEBUG: Crawled (400) <GET https://otoparts.ge/product-category/honda/fit-2008-2014/ via http://localhost:8050/execute> (referer: None)
2024-10-07 17:17:15 [scrapy.spidermiddlewares.httperror] INFO: Ignoring response <400 https://otoparts.ge/product-category/honda/fit-2008-2014/>: HTTP status code is not handled or not allowed
2024-10-07 17:17:16 [scrapy_splash.middleware] WARNING: Bad request to Splash: {'error': 400, 'type': 'ScriptError', 'description': 'Error happened while executing Lua script', 'info': {'type': 'SPLASH_LUA_ERROR', 'message': '[string "..."]:3: Can\'t convert Lua object to Python: depth limit is reached', 'source': '[string "..."]', 'line_number': 3, 'error': "Can't convert Lua object to Python: depth limit is reached"}}
2024-10-07 17:17:16 [scrapy.core.engine] DEBUG: Crawled (400) <GET https://otoparts.ge/product-category/fiat/500-2007-2014/ via http://localhost:8050/execute> (referer: None)
2024-10-07 17:17:16 [scrapy.spidermiddlewares.httperror] INFO: Ignoring response <400 https://otoparts.ge/product-category/fiat/500-2007-2014/>: HTTP status code is not handled or not allowed
2024-10-07 17:17:16 [scrapy_splash.middleware] WARNING: Bad request to Splash: {'error': 400, 'type': 'ScriptError', 'description': 'Error happened while executing Lua script', 'info': {'type': 'SPLASH_LUA_ERROR', 'message': '[string "..."]:3: Can\'t convert Lua object to Python: depth limit is reached', 'source': '[string "..."]', 'line_number': 3, 'error': "Can't convert Lua object to Python: depth limit is reached"}}
2024-10-07 17:17:16 [scrapy.core.engine] DEBUG: Crawled (400) <GET https://otoparts.ge/product-category/honda/insight-2011-2015/ via http://localhost:8050/execute> (referer: None)
2024-10-07 17:17:16 [scrapy.spidermiddlewares.httperror] INFO: Ignoring response <400 https://otoparts.ge/product-category/honda/insight-2011-2015/>: HTTP status code is not handled or not allowed
2024-10-07 17:17:17 [scrapy_splash.middleware] WARNING: Bad request to Splash: {'error': 400, 'type': 'ScriptError', 'description': 'Error happened while executing Lua script', 'info': {'type': 'SPLASH_LUA_ERROR', 'message': '[string "..."]:3: Can\'t convert Lua object to Python: depth limit is reached', 'source': '[string "..."]', 'line_number': 3, 'error': "Can't convert Lua object to Python: depth limit is reached"}}
2024-10-07 17:17:17 [scrapy.core.engine] DEBUG: Crawled (400) <GET https://otoparts.ge/product-category/honda/cr-v-2012-2015/ via http://localhost:8050/execute> (referer: None)
2024-10-07 17:17:17 [scrapy.spidermiddlewares.httperror] INFO: Ignoring response <400 https://otoparts.ge/product-category/honda/cr-v-2012-2015/>: HTTP status code is not handled or not allowed
2024-10-07 17:17:17 [scrapy.crawler] INFO: Received SIGINT, shutting down gracefully. Send again to force 
2024-10-07 17:17:17 [scrapy.core.engine] INFO: Closing spider (shutdown)
2024-10-07 17:17:17 [scrapy_splash.middleware] WARNING: Bad request to Splash: {'error': 400, 'type': 'ScriptError', 'description': 'Error happened while executing Lua script', 'info': {'type': 'SPLASH_LUA_ERROR', 'message': '[string "..."]:3: Can\'t convert Lua object to Python: depth limit is reached', 'source': '[string "..."]', 'line_number': 3, 'error': "Can't convert Lua object to Python: depth limit is reached"}}
2024-10-07 17:17:17 [scrapy.core.engine] DEBUG: Crawled (400) <GET https://otoparts.ge/product-category/ford/escape-2017/ via http://localhost:8050/execute> (referer: None)
2024-10-07 17:17:17 [scrapy.spidermiddlewares.httperror] INFO: Ignoring response <400 https://otoparts.ge/product-category/ford/escape-2017/>: HTTP status code is not handled or not allowed
2024-10-07 17:17:18 [scrapy.crawler] INFO: Received SIGINT twice, forcing unclean shutdown
